Using pre-set license
Built from '2020.3/release' branch; Version is '2020.3.2f1 (8fd9074bf66c) revision 9427207'; Using compiler version '192528614'; Build Type 'Release'
OS: 'Windows 10 Home; OS build 19042.867; Version 2009; 64bit' Language: 'pl' Physical Memory: 7986 MB
BatchMode: 1, IsHumanControllingUs: 0, StartBugReporterOnCrash: 0, Is64bit: 1, IsPro: 0

 COMMAND LINE ARGUMENTS:
D:\Unity 2020\2020.3.2f1\Editor\Unity.exe
-adb2
-batchMode
-noUpm
-name
AssetImportWorker0
-projectPath
D:/Unity Projects/Game_Island
-logFile
Logs/AssetImportWorker0.log
-srvPort
58804
Successfully changed project path to: D:/Unity Projects/Game_Island
D:/Unity Projects/Game_Island
Using Asset Import Pipeline V2.
Refreshing native plugins compatible for Editor in 46.38 ms, found 0 plugins.
Preloading 0 native plugins for Editor in 0.00 ms.
Initialize engine version: 2020.3.2f1 (8fd9074bf66c)
[Subsystems] Discovering subsystems at path D:/Unity 2020/2020.3.2f1/Editor/Data/Resources/UnitySubsystems
[Subsystems] Discovering subsystems at path D:/Unity Projects/Game_Island/Assets
GfxDevice: creating device client; threaded=0
Direct3D:
    Version:  Direct3D 11.0 [level 11.1]
    Renderer: NVIDIA GeForce GTX 1060 with Max-Q Design (ID=0x1c20)
    Vendor:   
    VRAM:     6052 MB
    Driver:   24.21.13.9836
Initialize mono
Mono path[0] = 'D:/Unity 2020/2020.3.2f1/Editor/Data/Managed'
Mono path[1] = 'D:/Unity 2020/2020.3.2f1/Editor/Data/MonoBleedingEdge/lib/mono/unityjit'
Mono config path = 'D:/Unity 2020/2020.3.2f1/Editor/Data/MonoBleedingEdge/etc'
Using monoOptions --debugger-agent=transport=dt_socket,embedding=1,server=y,suspend=n,address=127.0.0.1:56608
Begin MonoManager ReloadAssembly
Registering precompiled unity dll's ...
Register platform support module: D:/Unity 2020/2020.3.2f1/Editor/Data/PlaybackEngines/WindowsStandaloneSupport/UnityEditor.WindowsStandalone.Extensions.dll
Registered in 0.001137 seconds.
Native extension for WindowsStandalone target not found
Refreshing native plugins compatible for Editor in 21.15 ms, found 0 plugins.
Preloading 0 native plugins for Editor in 0.00 ms.
Invoked RoslynAnalysisRunner static constructor.
RoslynAnalysisRunner will not be running.
RoslynAnalysisRunner has terminated.
Mono: successfully reloaded assembly
- Completed reload, in  1.669 seconds
Platform modules already initialized, skipping
Registering precompiled user dll's ...
Registered in 0.000602 seconds.
Begin MonoManager ReloadAssembly
Native extension for WindowsStandalone target not found
Refreshing native plugins compatible for Editor in 0.18 ms, found 0 plugins.
Preloading 0 native plugins for Editor in 0.00 ms.
Invoked RoslynAnalysisRunner static constructor.
RoslynAnalysisRunner will not be running.
RoslynAnalysisRunner has terminated.
Mono: successfully reloaded assembly
- Completed reload, in  1.516 seconds
Platform modules already initialized, skipping
========================================================================
Worker process is ready to serve import requests
Launched and connected shader compiler UnityShaderCompiler.exe after 0.15 seconds
Refreshing native plugins compatible for Editor in 0.18 ms, found 0 plugins.
Preloading 0 native plugins for Editor in 0.00 ms.
Unloading 1115 Unused Serialized files (Serialized files now loaded: 0)
System memory in use before: 57.1 MB.
System memory in use after: 57.1 MB.

Unloading 10 unused Assets to reduce memory usage. Loaded Objects now: 1557.
Total: 1.705600 ms (FindLiveObjects: 0.231800 ms CreateObjectMapping: 0.038000 ms MarkObjects: 1.368000 ms  DeleteObjects: 0.066800 ms)

========================================================================
Received Import Request.
  path: Assets
  artifactKey: Guid(00000000000000001000000000000000) Importer(815301076,1909f56bfc062723c751e8b465ee728b)
Start importing Assets using Guid(00000000000000001000000000000000) Importer(815301076,1909f56bfc062723c751e8b465ee728b)  -> (artifact id: '819a33a9bd799f71faca6db75e8a216c') in 0.053066 seconds
  Import took 0.072625 seconds .

========================================================================
Received Import Request.
  Time since last request: 0.929143 seconds.
  path: Assets/Scripts
  artifactKey: Guid(14f66b73128ad774fb2c3b5bf1d6bf94) Importer(815301076,1909f56bfc062723c751e8b465ee728b)
Start importing Assets/Scripts using Guid(14f66b73128ad774fb2c3b5bf1d6bf94) Importer(815301076,1909f56bfc062723c751e8b465ee728b)  -> (artifact id: '1658e7be26a3223108b87e6b0b7e90da') in 0.003251 seconds
  Import took 0.623000 seconds .

========================================================================
Received Import Request.
  Time since last request: 6.763882 seconds.
  path: Assets/Materials
  artifactKey: Guid(14cb8353136cd1149bac91031fc17ea4) Importer(815301076,1909f56bfc062723c751e8b465ee728b)
Start importing Assets/Materials using Guid(14cb8353136cd1149bac91031fc17ea4) Importer(815301076,1909f56bfc062723c751e8b465ee728b)  -> (artifact id: '7cd46553ff7f1f82eb6f71744ff67813') in 0.002021 seconds
  Import took 0.169854 seconds .

========================================================================
Received Import Request.
  Time since last request: 15.628663 seconds.
  path: Assets/Prefabs
  artifactKey: Guid(737c1474d60fd604880b6b0a8c557d65) Importer(815301076,1909f56bfc062723c751e8b465ee728b)
Start importing Assets/Prefabs using Guid(737c1474d60fd604880b6b0a8c557d65) Importer(815301076,1909f56bfc062723c751e8b465ee728b)  -> (artifact id: 'ec5c888b99a636c5dd71311e6a8eea70') in 0.002076 seconds
  Import took 0.072129 seconds .

========================================================================
Received Import Request.
  Time since last request: 6.492988 seconds.
  path: Assets/Scenes/SampleScene.unity
  artifactKey: Guid(9fc0d4010bbf28b4594072e72b8655ab) Importer(815301076,1909f56bfc062723c751e8b465ee728b)
Start importing Assets/Scenes/SampleScene.unity using Guid(9fc0d4010bbf28b4594072e72b8655ab) Importer(815301076,1909f56bfc062723c751e8b465ee728b)  -> (artifact id: '75076e30b8b84ebf5e20060e44b32f1e') in 0.086586 seconds
  Import took 0.163216 seconds .

========================================================================
Received Import Request.
  Time since last request: 10.594276 seconds.
  path: Assets/Scenes/Game.unity
  artifactKey: Guid(9fc0d4010bbf28b4594072e72b8655ab) Importer(815301076,1909f56bfc062723c751e8b465ee728b)
Start importing Assets/Scenes/Game.unity using Guid(9fc0d4010bbf28b4594072e72b8655ab) Importer(815301076,1909f56bfc062723c751e8b465ee728b)  -> (artifact id: 'aa243fa514f6d227dc416580c7d790f1') in 0.003397 seconds
  Import took 0.553946 seconds .

========================================================================
Received Import Request.
  Time since last request: 19.378548 seconds.
  path: Assets/Scripts/GameManager.cs
  artifactKey: Guid(b2dc16c583d098f4f9bf65ce23487448) Importer(815301076,1909f56bfc062723c751e8b465ee728b)
Start importing Assets/Scripts/GameManager.cs using Guid(b2dc16c583d098f4f9bf65ce23487448) Importer(815301076,1909f56bfc062723c751e8b465ee728b)  -> (artifact id: '718e8b8b3745976050c61e1a6a06bf62') in 0.248073 seconds
  Import took 0.531054 seconds .

========================================================================
Received Prepare
Registering precompiled user dll's ...
Registered in 0.000638 seconds.
Begin MonoManager ReloadAssembly
Native extension for WindowsStandalone target not found
Refreshing native plugins compatible for Editor in 0.20 ms, found 0 plugins.
Preloading 0 native plugins for Editor in 0.00 ms.
Invoked RoslynAnalysisRunner static constructor.
RoslynAnalysisRunner will not be running.
RoslynAnalysisRunner has terminated.
Mono: successfully reloaded assembly
- Completed reload, in  0.730 seconds
Platform modules already initialized, skipping
Refreshing native plugins compatible for Editor in 0.18 ms, found 0 plugins.
Preloading 0 native plugins for Editor in 0.00 ms.
Unloading 1111 Unused Serialized files (Serialized files now loaded: 0)
System memory in use before: 57.0 MB.
System memory in use after: 57.1 MB.

Unloading 5 unused Assets to reduce memory usage. Loaded Objects now: 1561.
Total: 2.217700 ms (FindLiveObjects: 0.239300 ms CreateObjectMapping: 0.067800 ms MarkObjects: 1.836000 ms  DeleteObjects: 0.072700 ms)

AssetImportWorkerClient::OnTransportError - code=2 error=End of file
